<?xml version="1.0" encoding="UTF-8"?>
<!-- Generated by org.testng.reporters.JUnitXMLReporter -->
<testsuite hostname="Imans-Air.fios-router.home" ignored="0" name="IETest" tests="1" failures="1" timestamp="12 Jun 2019 01:52:06 GMT" time="0.053" errors="0">
  <testcase name="testCrossBrowser" time="0.014" classname="com.class05.DemoTest">
    <failure type="java.lang.NullPointerException">
      <![CDATA[java.lang.NullPointerException
at utils.CommonMethods.setUpDriver(CommonMethods.java:39)
at com.class05.DemoTest.testCrossBrowser(DemoTest.java:26)
at java.util.concurrent.FutureTask.run(FutureTask.java:266)
at java.util.concurrent.ThreadPoolExecutor.runWorker(ThreadPoolExecutor.java:1149)
at java.util.concurrent.ThreadPoolExecutor$Worker.run(ThreadPoolExecutor.java:624)
at java.lang.Thread.run(Thread.java:748)
... Removed 16 stack frames]]>
    </failure>
  </testcase> <!-- testCrossBrowser -->
</testsuite> <!-- IETest -->
