<?xml version="1.0" encoding="UTF-8"?>
<testng-results skipped="0" failed="0" ignored="0" total="1" passed="1">
  <reporter-output>
  </reporter-output>
  <suite name="Default suite" duration-ms="3569" started-at="2019-06-15T15:02:17Z" finished-at="2019-06-15T15:02:21Z">
    <groups>
    </groups>
    <test name="Default test" duration-ms="3569" started-at="2019-06-15T15:02:17Z" finished-at="2019-06-15T15:02:21Z">
      <class name="com.class01.Funk">
        <test-method status="PASS" signature="setUp()[pri:0, instance:com.class01.Funk@cb5822]" name="setUp" is-config="true" duration-ms="3392" started-at="2019-06-15T15:02:17Z" finished-at="2019-06-15T15:02:21Z">
          <reporter-output>
          </reporter-output>
        </test-method> <!-- setUp -->
        <test-method status="PASS" signature="cart()[pri:0, instance:com.class01.Funk@cb5822]" name="cart" duration-ms="151" started-at="2019-06-15T15:02:21Z" finished-at="2019-06-15T15:02:21Z">
          <reporter-output>
          </reporter-output>
        </test-method> <!-- cart -->
      </class> <!-- com.class01.Funk -->
    </test> <!-- Default test -->
  </suite> <!-- Default suite -->
</testng-results>
